0 info it worked if it ends with ok
1 verbose cli [ 'node', '/usr/bin/npm', 'install', 'sync-request' ]
2 info using npm@3.4.1
3 info using node@v0.10.42
4 silly loadCurrentTree Starting
5 silly install loadCurrentTree
6 silly install readLocalPackageData
7 silly fetchPackageMetaData sync-request
8 silly fetchNamedPackageData sync-request
9 silly mapToRegistry name sync-request
10 silly mapToRegistry using default registry
11 silly mapToRegistry registry https://registry.npmjs.org/
12 silly mapToRegistry uri https://registry.npmjs.org/sync-request
13 verbose request uri https://registry.npmjs.org/sync-request
14 verbose request no auth needed
15 info attempt registry request try #1 at 19:17:21
16 verbose request id 7408da8772e7dc0a
17 http request GET https://registry.npmjs.org/sync-request
18 info retry will retry, error on last attempt: Error: getaddrinfo EIO
19 info attempt registry request try #2 at 19:17:41
20 http request GET https://registry.npmjs.org/sync-request
21 info retry will retry, error on last attempt: Error: getaddrinfo EIO
22 info attempt registry request try #3 at 19:18:51
23 http request GET https://registry.npmjs.org/sync-request
24 silly fetchPackageMetaData Error: getaddrinfo EIO
24 silly fetchPackageMetaData     at errnoException (dns.js:37:11)
24 silly fetchPackageMetaData     at Object.onanswer [as oncomplete] (dns.js:126:16)
24 silly fetchPackageMetaData  error for sync-request { [Error: getaddrinfo EIO] code: 'EIO', errno: 'EIO', syscall: 'getaddrinfo' }
25 silly rollbackFailedOptional Starting
26 silly rollbackFailedOptional Finishing
27 silly runTopLevelLifecycles Starting
28 silly runTopLevelLifecycles Finishing
29 silly install printInstalled
30 verbose stack Error: getaddrinfo EIO
30 verbose stack     at errnoException (dns.js:37:11)
30 verbose stack     at Object.onanswer [as oncomplete] (dns.js:126:16)
31 verbose cwd /var/www/jahman/domains-js/smila.jahman
32 error Linux 4.4.4-301.fc23.x86_64
33 error argv "node" "/usr/bin/npm" "install" "sync-request"
34 error node v0.10.42
35 error npm  v3.4.1
36 error code EIO
37 error errno EIO
38 error syscall getaddrinfo
39 error getaddrinfo EIO
40 error If you need help, you may report this error at:
40 error     <https://github.com/npm/npm/issues>
41 verbose exit [ 1, true ]
